<?xml version="1.0" encoding="UTF-8"?>
<!-- Generated by org.testng.reporters.JUnitReportReporter -->
<testsuite hostname="DESKTOP-NOQ9BQR" name="automationproject.Testdemo" tests="2" failures="0" timestamp="5 May 2016 11:41:02 GMT" time="0.000" errors="0">
  <testcase name="passtest" time="0.000" classname="automationproject.Testdemo"/>
  <testcase name="failtest" time="0.000" classname="automationproject.Testdemo"/>
</testsuite> <!-- automationproject.Testdemo -->
